app/build/intermediates/manifest_merge_blame_file/debug/manifest-merger-blame-debug-report.txt
1<?xml version="1.0" encoding="utf-8"?>
2<manifest xmlns:android="http://schemas.android.com/apk/res/android"
3    package="com.example.medicare"
4    android:targetSandboxVersion="1"
5    android:versionCode="1"
6    android:versionName="1.0" >
7
8    <uses-sdk
9        android:minSdkVersion="17"
9-->src\main\AndroidManifest.xml
10        android:targetSdkVersion="29" />
10-->src\main\AndroidManifest.xml
11
12    <uses-permission android:name="android.permission.INTERNET" />
12-->src\main\AndroidManifest.xml:5:5-67
12-->src\main\AndroidManifest.xml:5:22-64
13    <uses-permission android:name="android.permission.CAMERA" />
13-->src\main\AndroidManifest.xml:6:5-65
13-->src\main\AndroidManifest.xml:6:22-62
14    <uses-permission android:name="android.permission.WRITE_EXTERNAL_STORAGE" />
14-->src\main\AndroidManifest.xml:7:5-80
14-->src\main\AndroidManifest.xml:7:22-78
15    <uses-permission android:name="android.permission.ACCESS_NETWORK_STATE" />
15-->src\main\AndroidManifest.xml:8:5-78
15-->src\main\AndroidManifest.xml:8:22-76
16    <uses-permission android:name="android.permission.ACCESS_WIFI_STATE" />
16-->src\main\AndroidManifest.xml:9:5-75
16-->src\main\AndroidManifest.xml:9:22-73
17
18    <application
18-->src\main\AndroidManifest.xml:11:5-40:19
19        android:allowBackup="true"
19-->src\main\AndroidManifest.xml:14:9-35
20        android:appComponentFactory="androidx.core.app.CoreComponentFactory"
20-->[androidx.core:core:1.0.1] AndroidManifest.xml:22:18-86
21        android:debuggable="true"
22        android:hardwareAccelerated="true"
22-->src\main\AndroidManifest.xml:13:9-43
23        android:icon="@mipmap/ic_launcher"
23-->src\main\AndroidManifest.xml:15:9-43
24        android:label="@string/app_name"
24-->src\main\AndroidManifest.xml:16:9-41
25        android:roundIcon="@mipmap/ic_launcher_round"
25-->src\main\AndroidManifest.xml:17:9-54
26        android:supportsRtl="true"
26-->src\main\AndroidManifest.xml:18:9-35
27        android:testOnly="true"
28        android:theme="@style/AppTheme"
28-->src\main\AndroidManifest.xml:19:9-40
29        android:usesCleartextTraffic="true" >
29-->src\main\AndroidManifest.xml:12:9-44
30        <meta-data
30-->src\main\AndroidManifest.xml:21:9-101
31            android:name="com.here.android.maps.appid"
31-->src\main\AndroidManifest.xml:21:20-62
32            android:value="Mfc5AbwNVlF157vGimW6" />
32-->src\main\AndroidManifest.xml:21:63-99
33        <meta-data
33-->src\main\AndroidManifest.xml:22:9-106
34            android:name="com.here.android.maps.apptoken"
34-->src\main\AndroidManifest.xml:22:20-65
35            android:value="uqMqm2BkS2ix2CgCwZN48g" />
35-->src\main\AndroidManifest.xml:22:66-104
36
37        <activity android:name="com.example.medicare.MapAcitvity" />
37-->src\main\AndroidManifest.xml:24:9-58
37-->src\main\AndroidManifest.xml:24:19-46
38        <activity android:name="com.example.medicare.ImageUpload" />
38-->src\main\AndroidManifest.xml:25:9-49
38-->src\main\AndroidManifest.xml:25:19-46
39        <activity android:name="com.example.medicare.DoctorHome" />
39-->src\main\AndroidManifest.xml:26:9-48
39-->src\main\AndroidManifest.xml:26:19-45
40        <activity android:name="com.example.medicare.PatientSignUp" />
40-->src\main\AndroidManifest.xml:27:9-51
40-->src\main\AndroidManifest.xml:27:19-48
41        <activity android:name="com.example.medicare.PatientHome" />
41-->src\main\AndroidManifest.xml:28:9-49
41-->src\main\AndroidManifest.xml:28:19-46
42        <activity android:name="com.example.medicare.PatientSignInActivity" />
42-->src\main\AndroidManifest.xml:29:9-59
42-->src\main\AndroidManifest.xml:29:19-56
43        <activity android:name="com.example.medicare.DoctorSignInActivity" />
43-->src\main\AndroidManifest.xml:30:9-58
43-->src\main\AndroidManifest.xml:30:19-55
44        <activity android:name="com.example.medicare.PatientDoctorLogin" />
44-->src\main\AndroidManifest.xml:31:9-56
44-->src\main\AndroidManifest.xml:31:19-53
45        <activity android:name="com.example.medicare.MainActivity" >
45-->src\main\AndroidManifest.xml:32:9-38:20
45-->src\main\AndroidManifest.xml:32:19-47
46            <intent-filter>
46-->src\main\AndroidManifest.xml:33:13-37:29
47                <action android:name="android.intent.action.MAIN" />
47-->src\main\AndroidManifest.xml:34:17-69
47-->src\main\AndroidManifest.xml:34:25-66
48
49                <category android:name="android.intent.category.LAUNCHER" />
49-->src\main\AndroidManifest.xml:36:17-77
49-->src\main\AndroidManifest.xml:36:27-74
50            </intent-filter>
51        </activity>
52        <activity
52-->[com.google.firebase:firebase-auth:16.0.5] AndroidManifest.xml:24:9-31:50
53            android:name="com.google.firebase.auth.internal.FederatedSignInActivity"
53-->[com.google.firebase:firebase-auth:16.0.5] AndroidManifest.xml:25:13-85
54            android:excludeFromRecents="true"
54-->[com.google.firebase:firebase-auth:16.0.5] AndroidManifest.xml:26:13-46
55            android:exported="true"
55-->[com.google.firebase:firebase-auth:16.0.5] AndroidManifest.xml:27:13-36
56            android:launchMode="singleTask"
56-->[com.google.firebase:firebase-auth:16.0.5] AndroidManifest.xml:28:13-44
57            android:permission="com.google.firebase.auth.api.gms.permission.LAUNCH_FEDERATED_SIGN_IN"
57-->[com.google.firebase:firebase-auth:16.0.5] AndroidManifest.xml:29:13-102
58            android:theme="@android:style/Theme.Translucent.NoTitleBar" />
58-->[com.google.firebase:firebase-auth:16.0.5] AndroidManifest.xml:30:13-72
59
60        <service
60-->[com.google.firebase:firebase-auth:16.0.5] AndroidManifest.xml:33:9-39:19
61            android:name="com.google.firebase.components.ComponentDiscoveryService"
61-->[com.google.firebase:firebase-auth:16.0.5] AndroidManifest.xml:34:13-84
62            android:exported="false" >
62-->[com.google.firebase:firebase-auth:16.0.5] AndroidManifest.xml:35:13-37
63            <meta-data
63-->[com.google.firebase:firebase-auth:16.0.5] AndroidManifest.xml:36:13-38:85
64                android:name="com.google.firebase.components:com.google.firebase.auth.FirebaseAuthRegistrar"
64-->[com.google.firebase:firebase-auth:16.0.5] AndroidManifest.xml:37:17-109
65                android:value="com.google.firebase.components.ComponentRegistrar" />
65-->[com.google.firebase:firebase-auth:16.0.5] AndroidManifest.xml:38:17-82
66        </service>
67
68        <activity
68-->[com.google.android.gms:play-services-base:16.0.1] AndroidManifest.xml:23:9-26:75
69            android:name="com.google.android.gms.common.api.GoogleApiActivity"
69-->[com.google.android.gms:play-services-base:16.0.1] AndroidManifest.xml:24:13-79
70            android:exported="false"
70-->[com.google.android.gms:play-services-base:16.0.1] AndroidManifest.xml:25:13-37
71            android:theme="@android:style/Theme.Translucent.NoTitleBar" />
71-->[com.google.android.gms:play-services-base:16.0.1] AndroidManifest.xml:26:13-72
72
73        <provider
73-->[com.google.firebase:firebase-common:16.0.3] AndroidManifest.xml:10:9-14:39
74            android:name="com.google.firebase.provider.FirebaseInitProvider"
74-->[com.google.firebase:firebase-common:16.0.3] AndroidManifest.xml:11:13-77
75            android:authorities="com.example.medicare.firebaseinitprovider"
75-->[com.google.firebase:firebase-common:16.0.3] AndroidManifest.xml:12:13-72
76            android:exported="false"
76-->[com.google.firebase:firebase-common:16.0.3] AndroidManifest.xml:13:13-37
77            android:initOrder="100" />
77-->[com.google.firebase:firebase-common:16.0.3] AndroidManifest.xml:14:13-36
78
79        <meta-data
79-->[com.google.android.gms:play-services-basement:16.1.0] AndroidManifest.xml:23:9-25:69
80            android:name="com.google.android.gms.version"
80-->[com.google.android.gms:play-services-basement:16.1.0] AndroidManifest.xml:24:13-58
81            android:value="@integer/google_play_services_version" />
81-->[com.google.android.gms:play-services-basement:16.1.0] AndroidManifest.xml:25:13-66
82    </application>
83
84</manifest>